0 info it worked if it ends with ok
1 verbose cli [ '/usr/local/Cellar/node/6.2.2/bin/node',
1 verbose cli   '/usr/local/bin/npm',
1 verbose cli   'start' ]
2 info using npm@3.9.5
3 info using node@v6.2.2
4 verbose run-script [ 'prestart', 'start', 'poststart' ]
5 info lifecycle spike-react-routes@1.0.0~prestart: spike-react-routes@1.0.0
6 silly lifecycle spike-react-routes@1.0.0~prestart: no script for prestart, continuing
7 info lifecycle spike-react-routes@1.0.0~start: spike-react-routes@1.0.0
8 verbose lifecycle spike-react-routes@1.0.0~start: unsafe-perm in lifecycle true
9 verbose lifecycle spike-react-routes@1.0.0~start: PATH: /usr/local/lib/node_modules/npm/bin/node-gyp-bin:/Users/madualikor/code/github/spike-react-routes/node_modules/.bin:/usr/local/Cellar/node/6.2.2/bin:/Users/madualikor/.dnx/runtimes/dnx-mono.1.0.0-rc1-update1/bin:/usr/local/sbin:/Users/madualikor/.k/runtimes/kre-mono.1.0.0-beta3/bin:/usr/local/bin:/usr/local/bin:/usr/bin:/bin:/usr/sbin:/sbin:/users/madualikor/tools/mongodb-osx-x86_64-2.6.6/bin:/opt/X11/bin:/usr/local/share/dotnet:/usr/local/MacGPG2/bin:/Users/madualikor/.dnx/bin:/usr/local/sbin
10 verbose lifecycle spike-react-routes@1.0.0~start: CWD: /Users/madualikor/code/github/spike-react-routes
11 silly lifecycle spike-react-routes@1.0.0~start: Args: [ '-c', 'node server.js' ]
12 silly lifecycle spike-react-routes@1.0.0~start: Returned: code: 1  signal: null
13 info lifecycle spike-react-routes@1.0.0~start: Failed to exec start script
14 verbose stack Error: spike-react-routes@1.0.0 start: `node server.js`
14 verbose stack Exit status 1
14 verbose stack     at EventEmitter.<anonymous> (/usr/local/lib/node_modules/npm/lib/utils/lifecycle.js:245:16)
14 verbose stack     at emitTwo (events.js:106:13)
14 verbose stack     at EventEmitter.emit (events.js:191:7)
14 verbose stack     at ChildProcess.<anonymous> (/usr/local/lib/node_modules/npm/lib/utils/spawn.js:24:14)
14 verbose stack     at emitTwo (events.js:106:13)
14 verbose stack     at ChildProcess.emit (events.js:191:7)
14 verbose stack     at maybeClose (internal/child_process.js:852:16)
14 verbose stack     at Process.ChildProcess._handle.onexit (internal/child_process.js:215:5)
15 verbose pkgid spike-react-routes@1.0.0
16 verbose cwd /Users/madualikor/code/github/spike-react-routes
17 error Darwin 15.5.0
18 error argv "/usr/local/Cellar/node/6.2.2/bin/node" "/usr/local/bin/npm" "start"
19 error node v6.2.2
20 error npm  v3.9.5
21 error code ELIFECYCLE
22 error spike-react-routes@1.0.0 start: `node server.js`
22 error Exit status 1
23 error Failed at the spike-react-routes@1.0.0 start script 'node server.js'.
23 error Make sure you have the latest version of node.js and npm installed.
23 error If you do, this is most likely a problem with the spike-react-routes package,
23 error not with npm itself.
23 error Tell the author that this fails on your system:
23 error     node server.js
23 error You can get information on how to open an issue for this project with:
23 error     npm bugs spike-react-routes
23 error Or if that isn't available, you can get their info via:
23 error     npm owner ls spike-react-routes
23 error There is likely additional logging output above.
24 verbose exit [ 1, true ]
